This file contains any messages produced by compilers while
running configure, to aid debugging if configure makes a mistake.

It was created by ECE 2300 Labs configure v0.1, which was
generated by GNU Autoconf 2.69.  Invocation command line was

  $ ../configure 

## --------- ##
## Platform. ##
## --------- ##

hostname = ecelinux-03.ece.cornell.edu
uname -m = x86_64
uname -r = 4.18.0-553.82.1.el8_10.x86_64
uname -s = Linux
uname -v = #1 SMP Thu Oct 23 16:05:55 EDT 2025

/usr/bin/uname -p = x86_64
/bin/uname -X     = unknown

/bin/arch              = x86_64
/usr/bin/arch -k       = unknown
/usr/convex/getsysinfo = unknown
/usr/bin/hostinfo      = unknown
/bin/machine           = unknown
/usr/bin/oslevel       = unknown
/bin/universe          = unknown

PATH: /classes/ece2300/install/venvs/py3.11.9-default/bin
PATH: /classes/ece2300/install/pkgs/python-3.11.9/bin
PATH: /classes/ece2300/install/pkgs/gh-2.56.0/bin
PATH: /opt/quartus/18.1.0.625/quartus/bin
PATH: /opt/quartus/18.1.0.625/quartus/linux64
PATH: /classes/ece2300/install/pkgs/verible-0.0-3756-gda9a0f8c/bin
PATH: /classes/ece2300/install/pkgs/gtkwave-3.3.120/bin
PATH: /classes/ece2300/install/pkgs/verilator-5.026/bin
PATH: /classes/ece2300/install/pkgs/iverilog-12.0/bin
PATH: /opt/rh/gcc-toolset-13/root/usr/bin
PATH: /classes/ece2300/install/pkgs/ece2300-scripts-0.0/bin
PATH: /classes/ece2300/install/pkgs/modules-5.4.0/bin
PATH: /home/rj426/.vscode-server/cli/servers/Stable-bf9252a2fb45be6893dd8870c0bf37e2e1766d61/server/bin/remote-cli
PATH: /home/rj426/.local/bin
PATH: /home/rj426/bin
PATH: /usr/share/Modules/bin
PATH: /usr/local/bin
PATH: /usr/bin
PATH: /usr/local/sbin
PATH: /usr/sbin
PATH: /classes/setup
PATH: /classes/setup
PATH: /classes/setup


## ----------- ##
## Core tests. ##
## ----------- ##

configure:1682: checking for verilator
configure:1698: found /classes/ece2300/install/pkgs/verilator-5.026/bin/verilator
configure:1709: result: verilator
configure:1741: checking for iverilog
configure:1757: found /classes/ece2300/install/pkgs/iverilog-12.0/bin/iverilog
configure:1768: result: iverilog
configure:1961: creating ./config.status

## ---------------------- ##
## Running config.status. ##
## ---------------------- ##

This file was extended by ECE 2300 Labs config.status v0.1, which was
generated by GNU Autoconf 2.69.  Invocation command line was

  CONFIG_FILES    = 
  CONFIG_HEADERS  = 
  CONFIG_LINKS    = 
  CONFIG_COMMANDS = 
  $ ./config.status 

on ecelinux-03.ece.cornell.edu

config.status:714: creating Makefile

## ---------------- ##
## Cache variables. ##
## ---------------- ##

ac_cv_env_build_alias_set=
ac_cv_env_build_alias_value=
ac_cv_env_host_alias_set=
ac_cv_env_host_alias_value=
ac_cv_env_target_alias_set=
ac_cv_env_target_alias_value=
ac_cv_prog_IVERILOG=iverilog
ac_cv_prog_VERILATOR=verilator

## ----------------- ##
## Output variables. ##
## ----------------- ##

DEFS='-DPACKAGE_NAME=\"ECE\ 2300\ Labs\" -DPACKAGE_TARNAME=\"ece2300-labs\" -DPACKAGE_VERSION=\"v0.1\" -DPACKAGE_STRING=\"ECE\ 2300\ Labs\ v0.1\" -DPACKAGE_BUGREPORT=\"Christopher\ Batten\" -DPACKAGE_URL=\"\"'
ECHO_C=''
ECHO_N='-n'
ECHO_T=''
IVERILOG='iverilog'
LIBOBJS=''
LIBS=''
LTLIBOBJS=''
PACKAGE_BUGREPORT='Christopher Batten'
PACKAGE_NAME='ECE 2300 Labs'
PACKAGE_STRING='ECE 2300 Labs v0.1'
PACKAGE_TARNAME='ece2300-labs'
PACKAGE_URL=''
PACKAGE_VERSION='v0.1'
PATH_SEPARATOR=':'
SHELL='/bin/sh'
VERILATOR='verilator'
bindir='${exec_prefix}/bin'
build_alias=''
datadir='${datarootdir}'
datarootdir='${prefix}/share'
docdir='${datarootdir}/doc/${PACKAGE_TARNAME}'
dvidir='${docdir}'
exec_prefix='${prefix}'
host_alias=''
htmldir='${docdir}'
includedir='${prefix}/include'
infodir='${datarootdir}/info'
libdir='${exec_prefix}/lib'
libexecdir='${exec_prefix}/libexec'
localedir='${datarootdir}/locale'
localstatedir='${prefix}/var'
mandir='${datarootdir}/man'
oldincludedir='/usr/include'
pdfdir='${docdir}'
prefix='/usr/local'
program_transform_name='s,x,x,'
psdir='${docdir}'
sbindir='${exec_prefix}/sbin'
sharedstatedir='${prefix}/com'
sysconfdir='${prefix}/etc'
target_alias=''

## ----------- ##
## confdefs.h. ##
## ----------- ##

/* confdefs.h */
#define PACKAGE_NAME "ECE 2300 Labs"
#define PACKAGE_TARNAME "ece2300-labs"
#define PACKAGE_VERSION "v0.1"
#define PACKAGE_STRING "ECE 2300 Labs v0.1"
#define PACKAGE_BUGREPORT "Christopher Batten"
#define PACKAGE_URL ""

configure: exit 0
